#-----------------------------------------------------------
# Vivado v2018.3 (64-bit)
# SW Build 2405991 on Thu Dec  6 23:38:27 MST 2018
# IP Build 2404404 on Fri Dec  7 01:43:56 MST 2018
# Start of session at: Mon Jun  5 22:34:06 2023
# Process ID: 11412
# Current directory: E:/Archlab/lab06
# Command line: vivado.exe -gui_launcher_event rodinguilauncherevent4608 E:\Archlab\lab06\lab06.xpr
# Log file: E:/Archlab/lab06/vivado.log
# Journal file: E:/Archlab/lab06\vivado.jou
#-----------------------------------------------------------
start_gui
open_project E:/Archlab/lab06/lab06.xpr
Scanning sources...
Finished scanning sources
INFO: [IP_Flow 19-234] Refreshing IP repositories
INFO: [IP_Flow 19-1704] No user IP repositories specified
INFO: [IP_Flow 19-2313] Loaded Vivado IP repository 'C:/Xilinx/Vivado/2018.3/data/ip'.
open_project: Time (s): cpu = 00:00:22 ; elapsed = 00:00:11 . Memory (MB): peak = 783.809 ; gain = 161.691
update_compile_order -fileset sources_1
exit
INFO: [Common 17-206] Exiting Vivado at Mon Jun  5 22:36:56 2023...
