INFO: [VRFC 10-2263] Analyzing Verilog file "E:/Archlab/lab06/lab06.srcs/sources_1/imports/sources_1/imports/Archlab/lab03/lab03.srcs/sources_1/new/ALU.v" into library xil_defaultlib
INFO: [VRFC 10-311] analyzing module ALU
INFO: [VRFC 10-2263] Analyzing Verilog file "E:/Archlab/lab06/lab06.srcs/sources_1/imports/sources_1/imports/Archlab/lab03/lab03.srcs/sources_1/new/ALUCtr.v" into library xil_defaultlib
INFO: [VRFC 10-311] analyzing module ALUCtr
INFO: [VRFC 10-2263] Analyzing Verilog file "E:/Archlab/lab06/lab06.srcs/sources_1/imports/sources_1/imports/Archlab/lab03/lab03.srcs/sources_1/new/Ctr.v" into library xil_defaultlib
INFO: [VRFC 10-311] analyzing module Ctr
INFO: [VRFC 10-2263] Analyzing Verilog file "E:/Archlab/lab06/lab06.srcs/sources_1/imports/sources_1/imports/Archlab/lab04/lab04.srcs/sources_1/new/Registers.v" into library xil_defaultlib
INFO: [VRFC 10-311] analyzing module Registers
INFO: [VRFC 10-2263] Analyzing Verilog file "E:/Archlab/lab06/lab06.srcs/sources_1/new/Top.v" into library xil_defaultlib
INFO: [VRFC 10-311] analyzing module Top
INFO: [VRFC 10-2263] Analyzing Verilog file "E:/Archlab/lab06/lab06.srcs/sources_1/imports/sources_1/imports/Archlab/lab04/lab04.srcs/sources_1/new/dataMemory.v" into library xil_defaultlib
INFO: [VRFC 10-311] analyzing module dataMemory
INFO: [VRFC 10-2263] Analyzing Verilog file "E:/Archlab/lab06/lab06.srcs/sources_1/new/forwardingUnit.v" into library xil_defaultlib
INFO: [VRFC 10-311] analyzing module forwardingUnit
INFO: [VRFC 10-2263] Analyzing Verilog file "E:/Archlab/lab06/lab06.srcs/sources_1/imports/sources_1/new/instMemory.v" into library xil_defaultlib
INFO: [VRFC 10-311] analyzing module instMemory
INFO: [VRFC 10-2263] Analyzing Verilog file "E:/Archlab/lab06/lab06.srcs/sources_1/new/predictor.v" into library xil_defaultlib
INFO: [VRFC 10-311] analyzing module predictor
INFO: [VRFC 10-2263] Analyzing Verilog file "E:/Archlab/lab06/lab06.srcs/sources_1/imports/sources_1/imports/Archlab/lab04/lab04.srcs/sources_1/new/signext.v" into library xil_defaultlib
INFO: [VRFC 10-311] analyzing module signext
INFO: [VRFC 10-2263] Analyzing Verilog file "E:/Archlab/lab06/lab06.srcs/sim_1/new/Top_tb.v" into library xil_defaultlib
INFO: [VRFC 10-311] analyzing module Top_tb
